<?xml version="1.0" encoding="UTF-8"?>
<!-- Generated by org.testng.reporters.JUnitReportReporter -->
<testsuite hostname="qap-PC" name="testcase.TC1_login" tests="1" failures="0" timestamp="15 Jul 2019 04:30:16 GMT" time="11.859" errors="0">
  <testcase name="loginstup" time="11.859" classname="testcase.TC1_login"/>
</testsuite> <!-- testcase.TC1_login -->
